C51 COMPILER V9.60.0.0   A                                                                 08/21/2022 22:09:28 PAGE 1   


C51 COMPILER V9.60.0.0, COMPILATION OF MODULE A
OBJECT MODULE PLACED IN .\Objects\a.obj
COMPILER INVOKED BY: C:\Keil_v5\C51\BIN\C51.EXE a.c OPTIMIZE(8,SPEED) BROWSE DEBUG OBJECTEXTEND PRINT(.\Listings\a.lst) 
                    -TABS(2) OBJECT(.\Objects\a.obj)

line level    source

   1          #include <reg51.h>
   2          void delay(unsigned int time);           //Delay function declaration
   3          unsigned int x=0;                        // Variable declaration
   4          unsigned int y=0;                        // Variable declaration
   5          sbit k1=P3^1;                            // Pin declaration
   6          sbit k2=P3^0;                            // Pin declaration
   7          sbit k3=P3^2;                            // Pin declaration
   8          sbit k4=P3^3;                            // Pin declaration
   9          sbit led1=P2^0;                          // Pin declaration
  10          sbit led2=P2^1;                          // Pin declaration
  11          sbit led3=P2^2;                          // Pin declaration
  12          sbit led4=P2^3;                          // Pin declaration
  13          void main (void)                         // MAin function
  14          {
  15   1        while(1)                               // Infinite while loop
  16   1        {
  17   2        if(k1==0)
  18   2            {
  19   3              
  20   3             led1=~led1;
  21   3              delay(60);
  22   3            }
  23   2            else
  24   2            {
  25   3                led1=1;
  26   3               }
  27   2        
  28   2      
  29   2        if(k2==0)
  30   2            {
  31   3              
  32   3             led2=~led2;
  33   3              delay(60);
  34   3            }
  35   2            else
  36   2            {
  37   3                led2=1;
  38   3               }
  39   2            
  40   2        
  41   2        if(k3==0)
  42   2            {
  43   3              
  44   3             led3=~led3;
  45   3              delay(60);
  46   3            }
  47   2            else
  48   2            {
  49   3                led3=1;
  50   3               }
  51   2             
  52   2               
  53   2        if(k4==0)
  54   2            {
C51 COMPILER V9.60.0.0   A                                                                 08/21/2022 22:09:28 PAGE 2   

  55   3              
  56   3             led4=~led4;
  57   3              delay(60);
  58   3            }
  59   2            else
  60   2            {
  61   3                led4=1;
  62   3               }
  63   2             
  64   2             }
  65   1           }
  66          
  67          void delay(unsigned int time)                  // Delay function
  68          {
  69   1         for(x=0; x<time; x++)
  70   1            for(y=0; y<1114; y++);  
  71   1      }


MODULE INFORMATION:   STATIC OVERLAYABLE
   CODE SIZE        =    100    ----
   CONSTANT SIZE    =   ----    ----
   XDATA SIZE       =   ----    ----
   PDATA SIZE       =   ----    ----
   DATA SIZE        =      4    ----
   IDATA SIZE       =   ----    ----
   BIT SIZE         =   ----    ----
END OF MODULE INFORMATION.


C51 COMPILATION COMPLETE.  0 WARNING(S),  0 ERROR(S)
