C51 COMPILER V9.60.0.0   TASK7                                                             08/16/2022 04:02:50 PAGE 1   


C51 COMPILER V9.60.0.0, COMPILATION OF MODULE TASK7
OBJECT MODULE PLACED IN .\Objects\task7.obj
COMPILER INVOKED BY: C:\Keil_v5\C51\BIN\C51.EXE task7.c OPTIMIZE(8,SPEED) BROWSE DEBUG OBJECTEXTEND PRINT(.\Listings\tas
                    -k7.lst) TABS(2) OBJECT(.\Objects\task7.obj)

line level    source

   1          #include<reg51.h>
   2          sbit led=P2^0;
   3          sbit btn=P3^1;
   4          sbit led1=P2^1;
   5          sbit btn1=P3^0;
   6          sbit led2=P2^2;
   7          sbit btn2=P3^2;
   8          sbit led3=P2^3;
   9          sbit btn3=P3^3;
  10          
  11          void Delay();
  12          void main()
  13            {
  14   1           btn=1; 
  15   1        
  16   1           btn1=1;  
  17   1        
  18   1           btn2=1;  
  19   1       
  20   1           btn3=1;  
  21   1            
  22   1           while(1)
  23   1      
  24   1         {
  25   2            if(btn2==0)
  26   2          {  led1=~led1;
  27   3            Delay();
  28   3          }
  29   2          if(btn3==0)
  30   2          { led=~led;
  31   3            Delay();
  32   3          }
  33   2          {
  34   3          if(btn==1)
  35   3          led2=~led2;                            //Your command goes here
  36   3            Delay();
  37   3           }
  38   2            {
  39   3          if(btn1==1)
  40   3          
  41   3          led3=~led3;
  42   3          Delay();
  43   3        }
  44   2          
  45   2          
  46   2         }    
  47   1         }
  48            
  49          
  50            
  51            void Delay()
  52             {
  53   1      
  54   1           int i;
C51 COMPILER V9.60.0.0   TASK7                                                             08/16/2022 04:02:50 PAGE 2   

  55   1           TMOD = 0x01;      // Timer0 mode1
  56   1      
  57   1                      for(i=0;i<200;i++)
  58   1                      {
  59   2      
  60   2                     TH0=0xF8;              //initial values for 1sec delay
  61   2                      TL0=0xCC;
  62   2                      TR0 = 1;               // timer0 start
  63   2                  while (TF0 == 0);   // check overflow condition
  64   2                      TR0 = 0;               // Stop Timer
  65   2                      TF0 = 0;               // Clear flag
  66   2                    }
  67   1      
  68   1      }


MODULE INFORMATION:   STATIC OVERLAYABLE
   CODE SIZE        =     75    ----
   CONSTANT SIZE    =   ----    ----
   XDATA SIZE       =   ----    ----
   PDATA SIZE       =   ----    ----
   DATA SIZE        =   ----    ----
   IDATA SIZE       =   ----    ----
   BIT SIZE         =   ----    ----
END OF MODULE INFORMATION.


C51 COMPILATION COMPLETE.  0 WARNING(S),  0 ERROR(S)
