C51 COMPILER V9.60.0.0   STATE                                                             08/25/2022 23:00:54 PAGE 1   


C51 COMPILER V9.60.0.0, COMPILATION OF MODULE STATE
OBJECT MODULE PLACED IN .\Objects\state.obj
COMPILER INVOKED BY: C:\Keil_v5\C51\BIN\C51.EXE ..\..\task 19\state\state.c OPTIMIZE(8,SPEED) BROWSE DEBUG OBJECTEXTEND 
                    -PRINT(.\Listings\state.lst) TABS(2) OBJECT(.\Objects\state.obj)

line level    source

   1          #include <reg51.h> 
   2          
   3          #include "calculator.h" 
   4          
   5          void lcdcmd(unsigned char);
   6          
   7           void lcddata(unsigned char);
   8          void MSDelay(unsigned int);
   9          void disp_num(float num);
  10          int get_num(char ch);
  11          void lcdinit();
  12          char scan_key(void);
  13          void  string (char *str)  ;
  14          
  15          
  16          int main (void)
  17            {
  18   1         while(1){
  19   2         unsigned int k=0,m=0,n=0;int k2,k1; char key,key1;unsigned char ch2;
  20   2         lcdinit();
  21   2            string("CALCULATOR"); 
  22   2          
  23   2      lcdcmd(0xC0);
  24   2      key=scan_key();
  25   2      k2=get_num(key);
  26   2      
  27   2      
  28   2      
  29   2      ch2=scan_key();
  30   2        
  31   2      
  32   2      
  33   2      key1=scan_key();
  34   2      k1=get_num(key1);
  35   2      
  36   2        
  37   2        string(" = ");  
  38   2           
  39   2      switch(ch2)
  40   2      {
  41   3      case '+':
  42   3      disp_num(k1+k2);
  43   3      break;
  44   3      case '-':
  45   3      disp_num(k2-k1);
  46   3      break;
  47   3      case '*':
  48   3      disp_num(k2*k1);
  49   3      break;
  50   3      case '/':
  51   3      disp_num(k2/k1);
  52   3      break;
  53   3      }
  54   2      return 0;
C51 COMPILER V9.60.0.0   STATE                                                             08/25/2022 23:00:54 PAGE 2   

  55   2      }
  56   1      }


MODULE INFORMATION:   STATIC OVERLAYABLE
   CODE SIZE        =    154    ----
   CONSTANT SIZE    =     15    ----
   XDATA SIZE       =   ----    ----
   PDATA SIZE       =   ----    ----
   DATA SIZE        =   ----      13
   IDATA SIZE       =   ----    ----
   BIT SIZE         =   ----    ----
END OF MODULE INFORMATION.


C51 COMPILATION COMPLETE.  0 WARNING(S),  0 ERROR(S)
