C51 COMPILER V9.60.0.0   LCD                                                               09/25/2022 23:07:41 PAGE 1   


C51 COMPILER V9.60.0.0, COMPILATION OF MODULE LCD
OBJECT MODULE PLACED IN .\Objects\lcd.obj
COMPILER INVOKED BY: C:\Keil_v5\C51\BIN\C51.EXE lcd.c OPTIMIZE(8,SPEED) BROWSE DEBUG OBJECTEXTEND PRINT(.\Listings\lcd.l
                    -st) TABS(2) OBJECT(.\Objects\lcd.obj)

line level    source

   1          #include<reg51.h>
   2          #include "lcd.h"
   3          void lcd_init()
   4          {
   5   1          lcmd(0x38);
   6   1          lcmd(0x0e);
   7   1          lcmd(0x06);
   8   1          lcmd(0x01);
   9   1          lcmd(0x80);
  10   1      }
  11          void lcmd(unsigned char a)
  12          {
  13   1          lcd=a;
  14   1          rs=0;
  15   1          rw=0;
  16   1          ENABLE=1;
  17   1          signal_delay();
  18   1          ENABLE=0;
  19   1      }
  20          void dat(unsigned char b)
  21          {
  22   1          lcd=b;
  23   1          rs=1;
  24   1          rw=0;
  25   1          ENABLE=1;
  26   1          signal_delay();
  27   1          ENABLE=0;
  28   1      }
  29          void string(char *s)
  30          {
  31   1          while(*s) {
  32   2             dat(*s++);
  33   2           }
  34   1      }
  35          void signal_delay()
  36          {
  37   1          unsigned int i;
  38   1          for(i=0;i<20000;i++);
  39   1      }


MODULE INFORMATION:   STATIC OVERLAYABLE
   CODE SIZE        =    105    ----
   CONSTANT SIZE    =   ----    ----
   XDATA SIZE       =   ----    ----
   PDATA SIZE       =   ----    ----
   DATA SIZE        =   ----       3
   IDATA SIZE       =   ----    ----
   BIT SIZE         =   ----    ----
END OF MODULE INFORMATION.


C51 COMPILATION COMPLETE.  0 WARNING(S),  0 ERROR(S)
