C51 COMPILER V9.60.0.0   A                                                                 08/31/2022 03:48:43 PAGE 1   


C51 COMPILER V9.60.0.0, COMPILATION OF MODULE A
OBJECT MODULE PLACED IN .\Objects\a.obj
COMPILER INVOKED BY: C:\Keil_v5\C51\BIN\C51.EXE a.c OPTIMIZE(8,SPEED) BROWSE DEBUG OBJECTEXTEND PRINT(.\Listings\a.lst) 
                    -TABS(2) OBJECT(.\Objects\a.obj)

line level    source

   1          #include<reg51.h>
   2          #include "lcd.h"
   3          
   4          sbit r1 = P1^0;
   5          sbit r2 = P1^1;
   6          sbit r3 = P1^2;
   7          sbit r4 = P1^3;
   8          sbit c1 = P1^4;
   9          sbit c2 = P1^5;
  10          sbit c3 = P1^6;
  11          sbit c4 = P1^7;
  12          void row_scan();
  13          void delay(unsigned char);
  14          void send_num(unsigned int);
  15          void calculate();
  16          unsigned int y, a = 0, b = 0;
  17          unsigned char operator, flag = 0;
  18          
  19          void main()
  20          {
  21   1        
  22   1          P1 = 0xf0; // To make rows as output and columns as input pins
  23   1          lcd_init();
  24   1      
  25   1          lcd_string("SIMPLE");
  26   1          lcd_cmd(0xc3);
  27   1          lcd_string("CALCULATOR");
  28   1          delay(200);
  29   1          lcd_cmd(0x01);
  30   1          while(1)
  31   1              row_scan();
  32   1          }
  33          
  34          
  35          void row_scan()
  36          {
  37   1          //---ROW 1---//
  38   1          r1 = 0;
  39   1          r2 = r3 = r4 = 1;
  40   1          if(c1 == 0)
  41   1          {
  42   2              delay(32);
  43   2              while(c1 == 0)
  44   2              {
  45   3                  lcd_dat('7');
  46   3                  if(flag == 0)
  47   3                      a = a*10 + 7;
  48   3                  else
  49   3                      b = b*10 + 7;
  50   3              }
  51   2          }
  52   1          if(c2 == 0)
  53   1          {
  54   2              delay(32);
C51 COMPILER V9.60.0.0   A                                                                 08/31/2022 03:48:43 PAGE 2   

  55   2              while(c2 == 0)
  56   2              {
  57   3                  lcd_dat('8');
  58   3                  if(flag == 0)
  59   3                      a = a*10 + 8;
  60   3                  else
  61   3                      b = b*10 + 8;
  62   3              }
  63   2          }
  64   1          if(c3 == 0)
  65   1          {
  66   2              delay(32);
  67   2              while(c3 == 0)
  68   2              {
  69   3                  lcd_dat('9');
  70   3                  if(flag == 0)
  71   3                      a = a*10 + 9;
  72   3                  else
  73   3                      b = b*10 + 9;
  74   3              }
  75   2          }
  76   1          if(c4 == 0)
  77   1          {
  78   2              delay(32);
  79   2              while(c4 == 0)
  80   2              {
  81   3                  flag = 1;
  82   3                  lcd_dat('/');
  83   3                  operator = '/';
  84   3              }
  85   2          }
  86   1      
  87   1          //---ROW 2---//
  88   1          r2 = 0;
  89   1          r1 = r3 = r4 = 1;
  90   1          if(c1 == 0)
  91   1          {
  92   2              delay(32);
  93   2              while(c1 == 0)
  94   2              {
  95   3                  lcd_dat('4');
  96   3                  if(flag == 0)
  97   3                      a = a*10 + 4;
  98   3                  else
  99   3                      b = b*10 + 4;
 100   3              }
 101   2          }
 102   1          if(c2 == 0)
 103   1          {
 104   2              delay(32);
 105   2              while(c2 == 0)
 106   2              {
 107   3                  lcd_dat('5');
 108   3                  if(flag == 0)
 109   3                      a = a*10 + 5;
 110   3                  else
 111   3                      b = b*10 + 5;
 112   3              }
 113   2          }
 114   1          if(c3 == 0)
 115   1          {
 116   2              delay(32);
C51 COMPILER V9.60.0.0   A                                                                 08/31/2022 03:48:43 PAGE 3   

 117   2              while(c3 == 0)
 118   2              {
 119   3                  lcd_dat('6');
 120   3                  if(flag == 0)
 121   3                      a = a*10 + 6;
 122   3                  else
 123   3                      b = b*10 + 6;
 124   3              }
 125   2          }
 126   1          if(c4 == 0)
 127   1          {
 128   2              delay(32);
 129   2              while(c4 == 0)
 130   2              {
 131   3                  flag = 1;
 132   3                  lcd_dat('x');
 133   3                  operator = 'x';
 134   3              }
 135   2          }
 136   1      
 137   1          //---ROW 3---//
 138   1          r3 = 0;
 139   1          r2 = r1 = r4 = 1;
 140   1          if(c1 == 0)
 141   1          {
 142   2              delay(32);
 143   2              while(c1 == 0)
 144   2              {
 145   3                  lcd_dat('1');
 146   3                  if(flag == 0)
 147   3                      a = a*10 + 1;
 148   3                  else
 149   3                      b = b*10 + 1;
 150   3              }
 151   2          }
 152   1          if(c2 == 0)
 153   1          {
 154   2              delay(32);
 155   2              while(c2 == 0)
 156   2              {
 157   3                  lcd_dat('2');
 158   3                  if(flag == 0)
 159   3                      a = a*10 + 2;
 160   3                  else
 161   3                      b = b*10 + 2;
 162   3              }
 163   2          }
 164   1          if(c3 == 0)
 165   1          {
 166   2              delay(32);
 167   2              while(c3 == 0)
 168   2              {
 169   3                  lcd_dat('3');
 170   3                  if(flag == 0)
 171   3                      a = a*10 + 3;
 172   3                  else
 173   3                      b = b*10 + 3;
 174   3              }
 175   2          }
 176   1          if(c4 == 0)
 177   1          {
 178   2              delay(32);
C51 COMPILER V9.60.0.0   A                                                                 08/31/2022 03:48:43 PAGE 4   

 179   2              while(c4 == 0)
 180   2              {
 181   3                  flag = 1;
 182   3                  lcd_dat('-');
 183   3                  operator = '-';
 184   3              }
 185   2          }
 186   1      
 187   1          //---ROW 4---//
 188   1          r4 = 0;
 189   1          r2 = r3 = r1 = 1;
 190   1          if(c1 == 0)
 191   1          {
 192   2              delay(32);
 193   2              while(c1 == 0)
 194   2              {
 195   3                  lcd_cmd(0x01);
 196   3                  flag = a = b = 0;
 197   3              }
 198   2          }
 199   1          if(c2 == 0)
 200   1          {
 201   2              delay(32);
 202   2              while(c2 == 0)
 203   2              {
 204   3                  lcd_dat('0');
 205   3                  if(flag == 0)
 206   3                      a = a*10 + 0;
 207   3                  else
 208   3                      b = b*10 + 0;
 209   3              }
 210   2          }
 211   1          if(c3 == 0)
 212   1          {
 213   2              delay(32);
 214   2              while(c3 == 0)
 215   2              {
 216   3                  lcd_dat('=');
 217   3                  calculate();
 218   3              }
 219   2          }
 220   1          if(c4 == 0)
 221   1          {
 222   2              delay(32);
 223   2              while(c4 == 0)
 224   2              {
 225   3                  flag = 1;
 226   3                  lcd_dat('+');
 227   3                  operator = '+';
 228   3              }
 229   2          }
 230   1      }
 231          
 232          void delay(unsigned char t)
 233          {
 234   1          unsigned int j;
 235   1          unsigned char i;
 236   1          for(i = 0; i < t; i++)
 237   1              for(j = 0; j < 70; j++);
 238   1      }
 239          
 240          
C51 COMPILER V9.60.0.0   A                                                                 08/31/2022 03:48:43 PAGE 5   

 241          void calculate()
 242          {
 243   1          lcd_cmd(0xc0);
 244   1          if(operator == '+')
 245   1          {
 246   2              send_num(a + b);
 247   2          }
 248   1      
 249   1          if(operator == '-')
 250   1          {
 251   2              if(a > b)
 252   2                  send_num(a - b);
 253   2              else
 254   2              {
 255   3                  lcd_dat('-');
 256   3                  send_num(b - a);
 257   3              }
 258   2          }
 259   1      
 260   1          if(operator == '/')
 261   1          {
 262   2              if(b != 0)
 263   2                  send_num(a/b);
 264   2              else
 265   2              {
 266   3                  lcd_cmd(0x01);
 267   3                  lcd_string("infinity");
 268   3              }
 269   2          }
 270   1      
 271   1          if(operator == 'x')
 272   1          {
 273   2              send_num(a*b);
 274   2          }
 275   1      }
 276          
 277          void send_num(unsigned int x)
 278          {
 279   1          if(x > 9999)
 280   1          {
 281   2              y = x/10000;
 282   2              lcd_dat(y + 0x30);
 283   2              x = x%10000;
 284   2              y = x/1000;
 285   2              lcd_dat(y + 0x30);
 286   2              x = x%1000;
 287   2              y = x/100;
 288   2              lcd_dat(y + 0x30);
 289   2              x = x%100;
 290   2              y = x/10;
 291   2              lcd_dat(y + 0x30);
 292   2              y = x%10;
 293   2              lcd_dat(y + 0x30);
 294   2          }
 295   1          else if(x > 999 && x < 9999)
 296   1          {
 297   2              y = x/1000;
 298   2              lcd_dat(y + 0x30);
 299   2              x = x%1000;
 300   2              y = x/100;
 301   2              lcd_dat(y + 0x30);
 302   2              x = x%100;
C51 COMPILER V9.60.0.0   A                                                                 08/31/2022 03:48:43 PAGE 6   

 303   2              y = x/10;
 304   2              lcd_dat(y + 0x30);
 305   2              y = x%10;
 306   2              lcd_dat(y + 0x30);
 307   2          }
 308   1          else if(x > 99 && x < 999)
 309   1          {
 310   2              y = x/100;
 311   2              lcd_dat(y + 0x30);
 312   2              x = x%100;
 313   2              y = x/10;
 314   2              lcd_dat(y + 0x30);
 315   2              y = x%10;
 316   2              lcd_dat(y + 0x30);
 317   2          }
 318   1          else if(x > 9 && x < 99)
 319   1          {
 320   2              y = x/10;
 321   2              lcd_dat(y + 0x30);
 322   2              y = x%10;
 323   2              lcd_dat(y + 0x30);
 324   2          }
 325   1          else
 326   1          {
 327   2              lcd_dat(x + 0x30);
 328   2          }
 329   1      }


MODULE INFORMATION:   STATIC OVERLAYABLE
   CODE SIZE        =   1316    ----
   CONSTANT SIZE    =     27    ----
   XDATA SIZE       =   ----    ----
   PDATA SIZE       =   ----    ----
   DATA SIZE        =      8       5
   IDATA SIZE       =   ----    ----
   BIT SIZE         =   ----    ----
END OF MODULE INFORMATION.


C51 COMPILATION COMPLETE.  0 WARNING(S),  0 ERROR(S)
