C51 COMPILER V9.60.0.0   TASK8                                                             08/10/2022 05:04:58 PAGE 1   


C51 COMPILER V9.60.0.0, COMPILATION OF MODULE TASK8
OBJECT MODULE PLACED IN .\Objects\task8.obj
COMPILER INVOKED BY: C:\Keil_v5\C51\BIN\C51.EXE task8.c OPTIMIZE(8,SPEED) BROWSE DEBUG OBJECTEXTEND PRINT(.\Listings\tas
                    -k8.lst) TABS(2) OBJECT(.\Objects\task8.obj)

line level    source

   1          #include<reg51.h>
   2          sbit led=P2^0;
   3          sbit led1=P2^1;
   4          sbit led2=P2^2;
   5          sbit led3=P2^3;
   6          sbit btn=P3^3;
   7          sbit btn1=P3^2;
   8            void Delay();
   9          void main()
  10            {
  11   1         IE=0x85;                    // Activating both the interrupts EX0 and EX1
  12   1         while(1)
  13   1         {    if(btn1==1)
  14   2          
  15   2          led1=~led1;
  16   2          Delay();
  17   2         };
  18   1        }
  19                                  //Your command goes here
  20            
  21          void extr0(void) interrupt 0     //Subroutine EX0 with interrupt number '0'
  22            {
  23   1          if(btn==1)
  24   1          led=~led;                            //Your command goes here
  25   1        
  26   1        }
  27          void extr1(void) interrupt 2    //Subroutine EX1 with Interrupt Number '1'
  28            {
  29   1          
  30   1        }
  31              
  32              
  33            
  34            void Delay()
  35             {
  36   1      
  37   1           int i;
  38   1           TMOD = 0x01;      // Timer0 mode1
  39   1      
  40   1                      for(i=0;i<200;i++)
  41   1                      {
  42   2      
  43   2                     TH0=0xF8;              //initial values for 1sec delay
  44   2                      TL0=0xCC;
  45   2                      TR0 = 1;               // timer0 start
  46   2                  while (TF0 == 0);   // check overflow condition
  47   2                      TR0 = 0;               // Stop Timer
  48   2                      TF0 = 0;               // Clear flag
  49   2                    }
  50   1      
  51   1      }


MODULE INFORMATION:   STATIC OVERLAYABLE
C51 COMPILER V9.60.0.0   TASK8                                                             08/10/2022 05:04:58 PAGE 2   

   CODE SIZE        =     53    ----
   CONSTANT SIZE    =   ----    ----
   XDATA SIZE       =   ----    ----
   PDATA SIZE       =   ----    ----
   DATA SIZE        =   ----    ----
   IDATA SIZE       =   ----    ----
   BIT SIZE         =   ----    ----
END OF MODULE INFORMATION.


C51 COMPILATION COMPLETE.  0 WARNING(S),  0 ERROR(S)
