C51 COMPILER V9.60.0.0   TASK88                                                            08/18/2022 03:17:23 PAGE 1   


C51 COMPILER V9.60.0.0, COMPILATION OF MODULE TASK88
OBJECT MODULE PLACED IN .\Objects\task88.obj
COMPILER INVOKED BY: C:\Keil_v5\C51\BIN\C51.EXE task88.c OPTIMIZE(8,SPEED) BROWSE DEBUG OBJECTEXTEND PRINT(.\Listings\ta
                    -sk88.lst) TABS(2) OBJECT(.\Objects\task88.obj)

line level    source

   1          #include<reg51.h>
   2          sbit led=P2^0;
   3          sbit led1=P2^1;
   4          sbit led2=P2^2;
   5          sbit led3=P2^3;
   6          sbit btn=P3^3;
   7          sbit btn1=P3^2;
   8          sbit btn2=P3^0;
   9          sbit btn3=P3^1;
  10            void Delay();
  11          void main()
  12            {
  13   1         IE=0x85;                    // Activating both the interrupts EX0 and EX1
  14   1        
  15   1        
  16   1           while(1)
  17   1      
  18   1         {
  19   2            if(btn2==0)
  20   2          {  led1=~led1;
  21   3            Delay();
  22   3          }
  23   2          if(btn3==0)
  24   2          { led=~led;
  25   3            Delay();
  26   3          }
  27   2         }    
  28   1         }
  29            
  30                                  //Your command goes here
  31            
  32          void extr0(void) interrupt 0     //Subroutine EX0 with interrupt number '0'
  33            {
  34   1          if(btn==1)
  35   1          led2=~led2;                            //Your command goes here
  36   1            Delay();
  37   1        }
  38          void extr1(void) interrupt 2    //Subroutine EX1 with Interrupt Number '1'
  39            {
  40   1          if(btn1==1)
  41   1          
  42   1          led3=~led3;
  43   1          Delay();
  44   1        }
  45              
  46              
  47            
  48            void Delay()
  49             {
  50   1      
  51   1           int i;
  52   1           TMOD = 0x01;      // Timer0 mode1
  53   1      
  54   1                      for(i=0;i<200;i++)
C51 COMPILER V9.60.0.0   TASK88                                                            08/18/2022 03:17:23 PAGE 2   

  55   1                      {
  56   2      
  57   2                     TH0=0xF8;              //initial values for 1sec delay
  58   2                      TL0=0xCC;
  59   2                      TR0 = 1;               // timer0 start
  60   2                  while (TF0 == 0);   // check overflow condition
  61   2                      TR0 = 0;               // Stop Timer
  62   2                      TF0 = 0;               // Clear flag
  63   2                    }
  64   1      
  65   1      }


MODULE INFORMATION:   STATIC OVERLAYABLE
   CODE SIZE        =    182    ----
   CONSTANT SIZE    =   ----    ----
   XDATA SIZE       =   ----    ----
   PDATA SIZE       =   ----    ----
   DATA SIZE        =   ----    ----
   IDATA SIZE       =   ----    ----
   BIT SIZE         =   ----    ----
END OF MODULE INFORMATION.


C51 COMPILATION COMPLETE.  0 WARNING(S),  0 ERROR(S)
