C51 COMPILER V9.60.0.0   TASK6                                                             08/09/2022 23:17:36 PAGE 1   


C51 COMPILER V9.60.0.0, COMPILATION OF MODULE TASK6
OBJECT MODULE PLACED IN .\Objects\task6.obj
COMPILER INVOKED BY: C:\Keil_v5\C51\BIN\C51.EXE task6.c OPTIMIZE(8,SPEED) BROWSE DEBUG OBJECTEXTEND PRINT(.\Listings\tas
                    -k6.lst) TABS(2) OBJECT(.\Objects\task6.obj)

line level    source

   1          #include<reg51.h>
   2          sbit led=P2^0;
   3          sbit btn=P3^1;
   4          
   5            void Delay();
   6          void main()
   7            {
   8   1         IE=0x84;                    // Activating both the interrupts EX0 and EX1
   9   1         while(1)
  10   1         {  
  11   2          Delay();
  12   2         };
  13   1        }
  14                                  //Your command goes here
  15            
  16          void extr1(void) interrupt 2    //Subroutine EX1 with Interrupt Number '1'
  17            {
  18   1          if(btn==1)
  19   1          {
  20   2          led=~led;
  21   2            Delay();
  22   2          }
  23   1        
  24   1          
  25   1        }
  26            void Delay()
  27             {
  28   1      
  29   1           int i;
  30   1           TMOD = 0x01;      // Timer0 mode1
  31   1      
  32   1                      for(i=0;i<200;i++)
  33   1                      {
  34   2      
  35   2                     TH0=0xF8;              //initial values for 1sec delay
  36   2                      TL0=0xCC;
  37   2                      TR0 = 1;               // timer0 start
  38   2                  while (TF0 == 0);   // check overflow condition
  39   2                      TR0 = 0;               // Stop Timer
  40   2                      TF0 = 0;               // Clear flag
  41   2                    }
  42   1      
  43   1      }


MODULE INFORMATION:   STATIC OVERLAYABLE
   CODE SIZE        =    105    ----
   CONSTANT SIZE    =   ----    ----
   XDATA SIZE       =   ----    ----
   PDATA SIZE       =   ----    ----
   DATA SIZE        =   ----    ----
   IDATA SIZE       =   ----    ----
   BIT SIZE         =   ----    ----
END OF MODULE INFORMATION.

C51 COMPILER V9.60.0.0   TASK6                                                             08/09/2022 23:17:36 PAGE 2   


C51 COMPILATION COMPLETE.  0 WARNING(S),  0 ERROR(S)
