C51 COMPILER V9.60.0.0   TASK5                                                             08/18/2022 02:41:29 PAGE 1   


C51 COMPILER V9.60.0.0, COMPILATION OF MODULE TASK5
OBJECT MODULE PLACED IN .\Objects\task5.obj
COMPILER INVOKED BY: C:\Keil_v5\C51\BIN\C51.EXE task5.c OPTIMIZE(8,SPEED) BROWSE DEBUG OBJECTEXTEND PRINT(.\Listings\tas
                    -k5.lst) TABS(2) OBJECT(.\Objects\task5.obj)

line level    source

   1          #include<reg51.h>
   2          sbit led=P2^0;
   3          sbit btn=P3^1;
   4          
   5          void delay(unsigned int i);
   6          void main(void)
   7          {
   8   1      btn=1;
   9   1      
  10   1      
  11   1      
  12   1      if(btn==1)
  13   1      {
  14   2      led=~led;
  15   2      delay(66.5);
  16   2      }
  17   1      else
  18   1      {
  19   2      led=0;
  20   2      delay(66.5);
  21   2      }
  22   1      
  23   1      
  24   1      }
  25          void delay(unsigned int i)
  26          {
  27   1        unsigned int x,y;
  28   1        for(x=0;x<i;x++)
  29   1        for(y=0;y<1275;y++);
  30   1      }


MODULE INFORMATION:   STATIC OVERLAYABLE
   CODE SIZE        =     51    ----
   CONSTANT SIZE    =   ----    ----
   XDATA SIZE       =   ----    ----
   PDATA SIZE       =   ----    ----
   DATA SIZE        =   ----    ----
   IDATA SIZE       =   ----    ----
   BIT SIZE         =   ----    ----
END OF MODULE INFORMATION.


C51 COMPILATION COMPLETE.  0 WARNING(S),  0 ERROR(S)
