C51 COMPILER V9.60.0.0   KEYPAID                                                           09/23/2022 04:44:38 PAGE 1   


C51 COMPILER V9.60.0.0, COMPILATION OF MODULE KEYPAID
OBJECT MODULE PLACED IN .\Objects\keypaid.obj
COMPILER INVOKED BY: C:\Keil_v5\C51\BIN\C51.EXE keypaid.c OPTIMIZE(8,SPEED) BROWSE DEBUG OBJECTEXTEND PRINT(.\Listings\k
                    -eypaid.lst) TABS(2) OBJECT(.\Objects\keypaid.obj)

line level    source

   1          #include<reg51.h>
   2          #include "main.h"
   3          extern char pin[] ;
   4          extern char Epin[5];
   5          extern char state;
   6          unsigned char op=0,cv=0;
   7          void delay(unsigned int j)
   8          {
   9   1          int a, b;
  10   1          for (a = 0; a < 2*j; a++)
  11   1          {
  12   2              for (b = 0; b < 10; b++);
  13   2          }
  14   1      }
  15          char keypad()
  16          {
  17   1          int x = 0;
  18   1          while (x == 0)
  19   1          {
  20   2              // assign values for first row
  21   2              keyrow1 = 0;
  22   2              keyrow2 = 1;
  23   2              keyrow3 = 1;
  24   2              keyrow4 = 1;
  25   2              if (keycolumn1 == 0)
  26   2              {
  27   3                  lcd_write('#');
  28   3                  delay(1000);
  29   3                  x = 1;
  30   3                  return '#';
  31   3              }
  32   2                  if (keycolumn2 == 0)
  33   2              {
  34   3                  lcd_write('#');
  35   3                  delay(1000);
  36   3                  x = 1;
  37   3                  return '#';
  38   3              }
  39   2         
  40   2              if (keycolumn3 == 0)
  41   2              {
  42   3                  lcd_write('8');
  43   3                  delay(1000);
  44   3                  x = 1;
  45   3                  return 8;
  46   3              }
  47   2               if (keycolumn4 == 0)
  48   2              {
  49   3                  lcd_write('4');
  50   3                  delay(1000);
  51   3                  x = 1;
  52   3                  return 4;
  53   3              }
  54   2              // assign values for second row
C51 COMPILER V9.60.0.0   KEYPAID                                                           09/23/2022 04:44:38 PAGE 2   

  55   2              keyrow1 = 1;
  56   2              keyrow2 = 0;
  57   2              keyrow3 = 1;
  58   2              keyrow4 = 1;
  59   2      
  60   2              if (keycolumn1 == 0)
  61   2              {
  62   3                  lcd_write('0');
  63   3                  delay(1000);
  64   3                  x = 1;
  65   3                  return 0;
  66   3              }
  67   2                 if (keycolumn2 == 0)
  68   2              {
  69   3                  lcd_write('#');
  70   3                  delay(1000);
  71   3                  x = 1;
  72   3                  return '#';
  73   3              }
  74   2              if (keycolumn3 == 0)
  75   2              {
  76   3                  lcd_write('7');
  77   3                  delay(1000);
  78   3                  x = 1;
  79   3                  return 7;
  80   3              }
  81   2                 if (keycolumn4 == 0)
  82   2              {
  83   3                  lcd_write('3');
  84   3                  delay(1000);
  85   3                  x = 1;
  86   3                  return 3;
  87   3              }
  88   2              // assign values for third row
  89   2              keyrow1 = 1;
  90   2              keyrow2 = 1;
  91   2              keyrow3 = 0;
  92   2              keyrow4 = 1;
  93   2              if (keycolumn1 == 0)
  94   2              {
  95   3                  lcd_write('9');
  96   3                  delay(1000);
  97   3                  x = 1;
  98   3                  return 9;
  99   3              }
 100   2                  if (keycolumn2 == 0)
 101   2              {
 102   3                  lcd_write('#');
 103   3                  delay(1000);
 104   3                  x = 1;
 105   3                  return '#';
 106   3              }
 107   2              if (keycolumn3 == 0)
 108   2              {
 109   3                  lcd_write('6');
 110   3                  delay(1000);
 111   3                  x = 1;
 112   3                  return 6;
 113   3              }
 114   2                 if (keycolumn4 == 0)
 115   2              {
 116   3                  lcd_write('2');
C51 COMPILER V9.60.0.0   KEYPAID                                                           09/23/2022 04:44:38 PAGE 3   

 117   3                  delay(1000);
 118   3                  x = 1;
 119   3                  return 2;
 120   3              }
 121   2              // assign values for forth row
 122   2              keyrow1 = 1;
 123   2              keyrow2 = 1;
 124   2              keyrow3 = 1;
 125   2              keyrow4 = 0;
 126   2      
 127   2              if (keycolumn1 == 0)
 128   2              {  cv++;
 129   3                if(cv>5)
 130   3                { delay(7000);
 131   4                  state=3;
 132   4                op=1;
 133   4                    x = 1;
 134   4                 }
 135   3                if(cv<5)
 136   3                {   delay(7000);
 137   4                 
 138   4                  x = 1;
 139   4                }
 140   3                 
 141   3              }
 142   2                    if (keycolumn2 == 0)
 143   2              {
 144   3                  lcd_write('#');
 145   3                  delay(1000);
 146   3                  x = 1;
 147   3                  return '#';
 148   3              }
 149   2              if (keycolumn3 == 0)
 150   2              {
 151   3                  lcd_write('5');
 152   3                  delay(1000);
 153   3                  x = 1;
 154   3                  return 5;
 155   3              }
 156   2                 if (keycolumn4 == 0)
 157   2              {
 158   3                  lcd_write('1');
 159   3                  delay(1000);
 160   3                  x = 1;
 161   3                  return 1;
 162   3              }
 163   2          }
 164   1        return 0;
 165   1      }


MODULE INFORMATION:   STATIC OVERLAYABLE
   CODE SIZE        =    329    ----
   CONSTANT SIZE    =   ----    ----
   XDATA SIZE       =   ----    ----
   PDATA SIZE       =   ----    ----
   DATA SIZE        =      2    ----
   IDATA SIZE       =   ----    ----
   BIT SIZE         =   ----    ----
END OF MODULE INFORMATION.


C51 COMPILATION COMPLETE.  0 WARNING(S),  0 ERROR(S)
