C51 COMPILER V9.60.0.0   TASK12                                                            09/14/2022 02:16:18 PAGE 1   


C51 COMPILER V9.60.0.0, COMPILATION OF MODULE TASK12
OBJECT MODULE PLACED IN .\Objects\task12.obj
COMPILER INVOKED BY: C:\Keil_v5\C51\BIN\C51.EXE task12.c OPTIMIZE(8,SPEED) BROWSE DEBUG OBJECTEXTEND PRINT(.\Listings\ta
                    -sk12.lst) TABS(2) OBJECT(.\Objects\task12.obj)

line level    source

   1          #include <reg51.h>
   2          
   3          #include "lcd.h"
   4          unsigned char bdata EP_DATA;
*** ERROR C158 IN LINE 4 OF task12.c: '_lcd_string': function contains unnamed parameter
   5          sbit lsb=EP_DATA^0;
   6          sbit msb=EP_DATA^7;
   7          sbit SDA =   P3^7;
   8          sbit SCL =   P3^6;
   9          unsigned char rec[12];
  10          void i2c_start(void);
  11          void i2c_stop(void);
  12          void i2c_send (unsigned char);
  13          void i2c_send_byte(unsigned char addr,unsigned char dataa);
  14          void i2c_send_string(unsigned char addr,unsigned char *s);
  15          unsigned char i2c_read(void);
  16          unsigned char i2c_read_byte(unsigned char addr);
  17          unsigned char i2c_read_string(unsigned char addr);
  18          void ser_init();
  19          void tx(unsigned char send);
  20          void tx_str(unsigned char *s);
  21          void i2c_start(void)
  22          {
  23   1        SDA=1;
  24   1        SCL=1;
  25   1        SDA=0;
  26   1        SCL=0;
  27   1      }
  28          void i2c_send (unsigned char send)
  29          {
  30   1        unsigned char i;
  31   1        EP_DATA=send;
  32   1        for(i=0;i<=7;i++) {
  33   2          SDA=msb;
  34   2          SCL=1;
  35   2          SCL=0;
  36   2          EP_DATA=EP_DATA<<1;
  37   2        }
  38   1        while(SDA!=0);
  39   1        SCL=1;
  40   1        SCL=0;
  41   1      }
  42          unsigned char i2c_read(void)
  43          {
  44   1        unsigned char i;
  45   1        lsb=SDA;
  46   1        for(i=0;i<=7;i++) {
  47   2          EP_DATA=EP_DATA<<1;
  48   2          lsb=SDA;
  49   2          SCL=1;
  50   2          SCL=0;
  51   2        }
  52   1              
  53   1        if(EP_DATA==13) {
C51 COMPILER V9.60.0.0   TASK12                                                            09/14/2022 02:16:18 PAGE 2   

  54   2          SDA=1;
  55   2          SCL=1;
  56   2          SCL=0;
  57   2          SDA=0;
  58   2          i2c_stop();
  59   2          return(EP_DATA);
  60   2        }
  61   1        SDA=0;
  62   1        SCL=1;
  63   1        SCL=0;
  64   1        SDA=1;
  65   1        return(EP_DATA);
  66   1      }
  67          void i2c_stop(void)
  68          {
  69   1        SDA=0;
  70   1        SCL=1;
  71   1        SDA=1;
  72   1        SCL=0;
  73   1      }
  74          void i2c_send_byte(unsigned char addr,unsigned char dataa)
  75          {
  76   1        i2c_start();
  77   1        i2c_send(0xa0);
  78   1        i2c_send(addr);
  79   1        i2c_send(dataa);
  80   1        i2c_stop();
  81   1      }
  82          unsigned char i2c_read_byte(unsigned char addr)
  83          {
  84   1        unsigned char rec;
  85   1        i2c_start();
  86   1        i2c_send(0xa0);
  87   1        i2c_send(addr);
  88   1        i2c_start();
  89   1        i2c_send(0xa1);
  90   1        rec=i2c_read();
  91   1        i2c_stop();
  92   1        return rec;
  93   1      }
  94          void i2c_send_string(unsigned char addr,unsigned char *s)
  95          {
  96   1        i2c_start();
  97   1        i2c_send(0xa0);
  98   1        i2c_send(addr);
  99   1        while(*s) {
 100   2          i2c_send(*s++);
 101   2        }
 102   1        i2c_stop();
 103   1      }
 104          unsigned char i2c_read_string(unsigned char addr)
 105          {
 106   1        unsigned char i;
 107   1        i2c_start();
 108   1        i2c_send(0xa0);
 109   1        i2c_send(addr);
 110   1        i2c_start();
 111   1        i2c_send(0xa1);
 112   1        for(i=0;i<10;i++) {
 113   2        rec[i]=i2c_read();  }
 114   1        i2c_stop();
 115   1        return rec;
C51 COMPILER V9.60.0.0   TASK12                                                            09/14/2022 02:16:18 PAGE 3   

 116   1      }
 117          void ser_init()
 118          {
 119   1        SCON=0x50;
 120   1        TMOD|=0x20;
 121   1        TH1=0xFD;
 122   1        TL1=0xFD;
 123   1        TR1=1;
 124   1      }
 125          void tx(unsigned char send)
 126          {
 127   1        SBUF=send;
 128   1        while(TI==0);
 129   1        TI=0;
 130   1      }
 131          void tx_str(unsigned char *s)
 132          {
 133   1        while(*s)
 134   1          tx(*s++);
 135   1      }
 136                               
 137          int main()
 138          {
 139   1        unsigned char ddata[12];
 140   1        ser_init();
 141   1        i2c_send_string(0x00,"EmbeTronicX");
 142   1        i2c_read_string(0x00);
 143   1        tx_str(rec);
 144   1        while(1);
 145   1      }

C51 COMPILATION COMPLETE.  0 WARNING(S),  1 ERROR(S)
