C51 COMPILER V9.60.0.0   LCD                                                               08/10/2022 03:28:32 PAGE 1   


C51 COMPILER V9.60.0.0, COMPILATION OF MODULE LCD
OBJECT MODULE PLACED IN .\Objects\lcd.obj
COMPILER INVOKED BY: C:\Keil_v5\C51\BIN\C51.EXE lcd.c OPTIMIZE(8,SPEED) BROWSE DEBUG OBJECTEXTEND PRINT(.\Listings\lcd.l
                    -st) TABS(2) OBJECT(.\Objects\lcd.obj)

line level    source

   1          #include <reg51.h>
   2          #include "lcd.h"
   3          int main()
   4          {
   5   1          unsigned int j;
   6   1          lcd_init();
   7   1          while(1) {
   8   2            
   9   2           cmd(64);  //Address where values of the first custom character is stored
  10   2      dat(0);
  11   2      dat(10);
  12   2      dat(21);
  13   2      dat(17);
  14   2      dat(10);
  15   2      dat(4);
  16   2      dat(0);
  17   2      dat(0);
  18   2          }
  19   1      }
*** WARNING C280 IN LINE 5 OF lcd.c: 'j': unreferenced local variable


MODULE INFORMATION:   STATIC OVERLAYABLE
   CODE SIZE        =    145    ----
   CONSTANT SIZE    =   ----    ----
   XDATA SIZE       =   ----    ----
   PDATA SIZE       =   ----    ----
   DATA SIZE        =   ----       5
   IDATA SIZE       =   ----    ----
   BIT SIZE         =   ----    ----
END OF MODULE INFORMATION.


C51 COMPILATION COMPLETE.  1 WARNING(S),  0 ERROR(S)
