C51 COMPILER V9.60.0.0   PP                                                                08/24/2022 21:55:33 PAGE 1   


C51 COMPILER V9.60.0.0, COMPILATION OF MODULE PP
OBJECT MODULE PLACED IN .\Objects\pp.obj
COMPILER INVOKED BY: C:\Keil_v5\C51\BIN\C51.EXE pp.c OPTIMIZE(8,SPEED) BROWSE DEBUG OBJECTEXTEND PRINT(.\Listings\pp.lst
                    -) TABS(2) OBJECT(.\Objects\pp.obj)

line level    source

   1          #include<reg51.h>
   2          sbit A=P2^4;
   3          sbit b=P2^3;
   4          sbit C=P2^2;
   5          unsigned int input[]={0,0,0,0,0,0,0,0};
   6          //0x00,0x80,0x04,0xC0,0x02,0x0A,0x06,0x0E
   7          unsigned int kk[]={0x03,0x0D,0x08,0x04,0x00,0X02};
   8           char z;
   9          unsigned int message[] = {0x3f,0x06,0x5B,0x4F,0x66,0x6D,0x7D,0x07,0x7F,0x67,};
  10          unsigned char x;
  11          unsigned int i;
  12          int array[]={1,2,3,4,5};
  13          void delay(void);
  14          void fun(unsigned char);
  15          
  16          void main (void)
  17          {
  18   1        while(1)
  19   1        {
  20   2      
  21   2             A=1 ; b=1 ; C=1;
  22   2           
  23   2             fun(0);
  24   2              A=1 ; b=1 ; C=0;
  25   2             
  26   2             fun(1);
  27   2            A=1 ; b=0 ; C=1;
  28   2           
  29   2             fun(2);
  30   2              A=1 ; b=0 ; C=0;
  31   2             
  32   2             fun(3);
  33   2            A=0 ; b=1 ; C=1;
  34   2           
  35   2             fun(4);
  36   2              A=0 ; b=1 ; C=0;
  37   2             
  38   2             fun(5);
  39   2            A=0 ; b=0 ; C=1;
  40   2           
  41   2             fun(6);
  42   2              A=0 ; b=0 ; C=0;
  43   2             
  44   2             fun(7);
  45   2        }
  46   1        }
  47          void delay(void)
  48          {
  49   1      
  50   1        for( i=0;i<500;i++);
  51   1          for( i=0;i<10;i++);
  52   1      
  53   1      }
  54          void fun(unsigned char x)
C51 COMPILER V9.60.0.0   PP                                                                08/24/2022 21:55:33 PAGE 2   

  55          {
  56   1        z=x;
  57   1      
  58   1      {
  59   2       if(input[x]==1)
  60   2          {
  61   3        
  62   3           
  63   3             
  64   3              for(z=0;z<10;z++)
  65   3              {
  66   4                P0=message[1];
  67   4                  delay();
  68   4          
  69   4              }
  70   3          }
  71   2       if(input[x]==0)
  72   2          {
  73   3        
  74   3      
  75   3             
  76   3              for(z=0;z<10;z++)
  77   3              {
  78   4                P0=message[0];
  79   4                  delay();
  80   4          
  81   4              }
  82   3          }
  83   2       if(input[x]==2)
  84   2          {
  85   3        
  86   3             
  87   3              for(z=0;z<10;z++)
  88   3              {
  89   4                P0=message[2];
  90   4                  delay();
  91   4          
  92   4              }
  93   3          }
  94   2       if(input[x]==3)
  95   2          {
  96   3        
  97   3        
  98   3             
  99   3              for(z=0;z<10;z++)
 100   3              {
 101   4                P0=message[3];
 102   4                  delay();
 103   4          
 104   4              }
 105   3          }
 106   2       if(input[x]==4)
 107   2          {
 108   3        
 109   3             
 110   3              for(z=0;z<10;z++)
 111   3              {
 112   4                P0=message[4];
 113   4                  delay();
 114   4          
 115   4              }
 116   3          }
C51 COMPILER V9.60.0.0   PP                                                                08/24/2022 21:55:33 PAGE 3   

 117   2       if(input[x]==5)
 118   2          {
 119   3      
 120   3             
 121   3              for(z=0;z<10;z++)
 122   3              {
 123   4                P0=message[5];
 124   4                  delay();
 125   4          
 126   4              }
 127   3          }
 128   2       if(input[x]==6)
 129   2          {
 130   3        
 131   3      
 132   3        for(z=0;z<10;z++)
 133   3              {
 134   4                P0=message[6];
 135   4                  delay();
 136   4          
 137   4              }
 138   3          }
 139   2       if(input[x]==7)
 140   2          {
 141   3        
 142   3      
 143   3             
 144   3              for(z=0;z<10;z++)
 145   3              {
 146   4                P0=message[7];
 147   4                  delay();
 148   4          
 149   4              }
 150   3          }
 151   2       if(input[x]==8)
 152   2          {
 153   3        
 154   3         
 155   3             
 156   3              for(z=0;z<10;z++)
 157   3              {
 158   4                P0=message[8];
 159   4                  delay();
 160   4          
 161   4              }
 162   3          }
 163   2       if(input[x]==9)
 164   2          {
 165   3        
 166   3      
 167   3             
 168   3              for(z=0;z<10;z++)
 169   3              {
 170   4                P0=message[9];
 171   4                  delay();
 172   4          
 173   4              }
 174   3          }
 175   2        }
 176   1      //kk[0];
 177   1      }

C51 COMPILER V9.60.0.0   PP                                                                08/24/2022 21:55:33 PAGE 4   


MODULE INFORMATION:   STATIC OVERLAYABLE
   CODE SIZE        =    582    ----
   CONSTANT SIZE    =   ----    ----
   XDATA SIZE       =   ----    ----
   PDATA SIZE       =   ----    ----
   DATA SIZE        =     62    ----
   IDATA SIZE       =   ----    ----
   BIT SIZE         =   ----    ----
END OF MODULE INFORMATION.


C51 COMPILATION COMPLETE.  0 WARNING(S),  0 ERROR(S)
